<?xml version="1.0" encoding="UTF-8"?>
<!-- Generated by org.testng.reporters.JUnitReportReporter -->
<testsuite hostname="fv-az1052-839" failures="0" tests="2" name="com.github.dtitar.teamcity.ui.CreateNewBuildTypeTest" time="19.525" errors="0" timestamp="2024-02-21T20:03:16 UTC" skipped="0">
  <testcase classname="com.github.dtitar.teamcity.ui.CreateNewBuildTypeTest" name="userShouldBeAbleToCreateBuildTypeManually" time="6.474"/>
  <system-out/>
  <testcase classname="com.github.dtitar.teamcity.ui.CreateNewBuildTypeTest" name="userShouldBeAbleToCreateBuildTypeByUrl" time="13.051"/>
  <system-out/>
</testsuite> <!-- com.github.dtitar.teamcity.ui.CreateNewBuildTypeTest -->
