<?xml version="1.0" encoding="UTF-8"?>
<!-- Generated by org.testng.reporters.JUnitReportReporter -->
<testsuite hostname="fv-az1052-839" failures="0" tests="1" name="com.github.dtitar.teamcity.ui.SetupTest" time="66.361" errors="0" timestamp="2024-02-21T19:59:45 UTC" skipped="0">
  <testcase classname="com.github.dtitar.teamcity.ui.SetupTest" name="startUpTest" time="66.361"/>
  <system-out/>
</testsuite> <!-- com.github.dtitar.teamcity.ui.SetupTest -->
