<?xml version="1.0" encoding="UTF-8"?>
<!-- Generated by org.testng.reporters.JUnitReportReporter -->
<testsuite hostname="fv-az1052-839" failures="0" tests="1" name="com.github.dtitar.teamcity.api.SetupAgentTest" time="16.346" errors="0" timestamp="2024-02-21T20:01:08 UTC" skipped="0">
  <testcase classname="com.github.dtitar.teamcity.api.SetupAgentTest" name="authorizeAgent" time="16.346"/>
  <system-out/>
</testsuite> <!-- com.github.dtitar.teamcity.api.SetupAgentTest -->
